<!DOCTYPE html PUBLIC "-//W3C//DTD XHTML 1.1//EN" "http://www.w3.org/TR/xhtml11/DTD/xhtml11.dtd">
<html xmlns="http://www.w3.org/1999/xhtml"><head><title>TestNG Report</title><style type="text/css">table {margin-bottom:10px;border-collapse:collapse;empty-cells:show}th,td {border:1px solid #009;padding:.25em .5em}th {vertical-align:bottom}td {vertical-align:top}table a {font-weight:bold}.stripe td {background-color: #E6EBF9}.num {text-align:right}.passedodd td {background-color: #3F3}.passedeven td {background-color: #0A0}.skippedodd td {background-color: #DDD}.skippedeven td {background-color: #CCC}.failedodd td,.attn {background-color: #F33}.failedeven td,.stripe .attn {background-color: #D00}.stacktrace {white-space:pre;font-family:monospace}.totop {font-size:85%;text-align:center;border-bottom:2px solid #000}</style></head><body><table><tr><th>Test</th><th># Passed</th><th># Skipped</th><th># Failed</th><th>Time (ms)</th><th>Included Groups</th><th>Excluded Groups</th></tr><tr><th colspan="7">Suite</th></tr><tr><td><a href="#t0">TC_05</a></td><td class="num">1</td><td class="num">0</td><td class="num">0</td><td class="num">63,923</td><td></td><td></td></tr><tr class="stripe"><td><a href="#t1">TC_04</a></td><td class="num">1</td><td class="num">0</td><td class="num">0</td><td class="num">77,055</td><td></td><td></td></tr><tr><td><a href="#t2">TC_02</a></td><td class="num">1</td><td class="num">0</td><td class="num">0</td><td class="num">77,474</td><td></td><td></td></tr><tr class="stripe"><td><a href="#t3">TC_01</a></td><td class="num">1</td><td class="num">0</td><td class="num">0</td><td class="num">81,514</td><td></td><td></td></tr><tr><td><a href="#t4">TC_03</a></td><td class="num">0</td><td class="num">0</td><td class="num attn">1</td><td class="num">110,003</td><td></td><td></td></tr><tr><th>Total</th><th class="num">4</th><th class="num">0</th><th class="num attn">1</th><th class="num">409,969</th><th colspan="2"></th></tr></table><table><thead><tr><th>Class</th><th>Method</th><th>Start</th><th>Time (ms)</th></tr></thead><tbody><tr><th colspan="4">Suite</th></tr></tbody><tbody id="t0"><tr><th colspan="4">TC_05 &#8212; passed</th></tr><tr class="passedeven"><td rowspan="1">com.newt.selenium.modules.GmailLoginFivetest</td><td><a href="#m0">DO</a></td><td rowspan="1">1459145084458</td><td rowspan="1">39213</td></tr></tbody><tbody id="t1"><tr><th colspan="4">TC_04 &#8212; passed</th></tr><tr class="passedeven"><td rowspan="1">com.newt.selenium.modules.GmailLoginFourtest</td><td><a href="#m1">DO</a></td><td rowspan="1">1459145084480</td><td rowspan="1">53295</td></tr></tbody><tbody id="t2"><tr><th colspan="4">TC_02 &#8212; passed</th></tr><tr class="passedeven"><td rowspan="1">com.newt.selenium.modules.GmailLoginTwotest</td><td><a href="#m2">DO</a></td><td rowspan="1">1459145084460</td><td rowspan="1">53067</td></tr></tbody><tbody id="t3"><tr><th colspan="4">TC_01 &#8212; passed</th></tr><tr class="passedeven"><td rowspan="1">com.newt.selenium.modules.GmailLoginOnetest</td><td><a href="#m3">DO</a></td><td rowspan="1">1459145084468</td><td rowspan="1">57333</td></tr></tbody><tbody id="t4"><tr><th colspan="4">TC_03 &#8212; failed</th></tr><tr class="failedeven"><td rowspan="1">com.newt.selenium.modules.GmailLoginThreetest</td><td><a href="#m4">DO</a></td><td rowspan="1">1459145084485</td><td rowspan="1">45169</td></tr></tbody></table><h2>TC_05</h2><h3 id="m0">com.newt.selenium.modules.GmailLoginFivetest#DO</h3><table class="result"><tr><th>Messages</th></tr><tr><td><div class="messages">Gmail :: URL launch successfull...<br/>Going to log in into the application<br/>Data  &apos;newtdemo&apos; entered sucessfully in the edit box<br/>Data  &apos;Newtglobal@123&apos; entered sucessfully in the edit box</div></td></tr></table><p class="totop"><a href="#summary">back to summary</a></p><h2>TC_04</h2><h3 id="m1">com.newt.selenium.modules.GmailLoginFourtest#DO</h3><table class="result"><tr><th>Messages</th></tr><tr><td><div class="messages">Gmail :: URL launch successfull...<br/>Going to log in into the application<br/>Data  &apos;TC_03&apos; entered sucessfully in the edit box<br/>Error occured while setting data    Newtglobal@123  - org.openqa.selenium.NoSuchElementException: Unable to locate element: {&quot;method&quot;:&quot;id&quot;,&quot;selector&quot;:&quot;Passwd&quot;}
Command duration or timeout: 10.06 seconds
For documentation on this error, please visit: http://seleniumhq.org/exceptions/no_such_element.html
Build info: version: &apos;2.49.0&apos;, revision: &apos;365eeb4&apos;, time: &apos;2016-01-13 18:37:00&apos;
System info: host: &apos;Newt-Rnt09&apos;, ip: &apos;192.168.1.43&apos;, os.name: &apos;Windows 7&apos;, os.arch: &apos;amd64&apos;, os.version: &apos;6.1&apos;, java.version: &apos;1.8.0_65&apos;
Driver info: org.openqa.selenium.firefox.FirefoxDriver
Capabilities [{applicationCacheEnabled=true, rotatable=false, handlesAlerts=true, databaseEnabled=true, version=44.0, platform=WINDOWS, nativeEvents=false, acceptSslCerts=true, webStorageEnabled=true, locationContextEnabled=true, browserName=firefox, takesScreenshot=true, javascriptEnabled=true, cssSelectorsEnabled=true}]
Session ID: c0232c90-e7fa-4080-82e4-6d416f81a4b4
*** Element info: {Using=id, value=Passwd}<br/>signin_btn - having xpath &apos;//input[@id=&apos;signIn&apos;]&apos;  click failed  - org.openqa.selenium.ElementNotVisibleException: Element is not currently visible and so may not be interacted with
Command duration or timeout: 10.06 seconds
Build info: version: &apos;2.49.0&apos;, revision: &apos;365eeb4&apos;, time: &apos;2016-01-13 18:37:00&apos;
System info: host: &apos;Newt-Rnt09&apos;, ip: &apos;192.168.1.43&apos;, os.name: &apos;Windows 7&apos;, os.arch: &apos;amd64&apos;, os.version: &apos;6.1&apos;, java.version: &apos;1.8.0_65&apos;
Driver info: org.openqa.selenium.firefox.FirefoxDriver
Capabilities [{applicationCacheEnabled=true, rotatable=false, handlesAlerts=true, databaseEnabled=true, version=44.0, platform=WINDOWS, nativeEvents=false, acceptSslCerts=true, webStorageEnabled=true, locationContextEnabled=true, browserName=firefox, takesScreenshot=true, javascriptEnabled=true, cssSelectorsEnabled=true}]
Session ID: c0232c90-e7fa-4080-82e4-6d416f81a4b4</div></td></tr></table><p class="totop"><a href="#summary">back to summary</a></p><h2>TC_02</h2><h3 id="m2">com.newt.selenium.modules.GmailLoginTwotest#DO</h3><table class="result"><tr><th>Messages</th></tr><tr><td><div class="messages">Gmail :: URL launch successfull...<br/>Going to log in into the application<br/>Data  &apos;newtdemo&apos; entered sucessfully in the edit box<br/>Data  &apos;Newtglobal@123&apos; entered sucessfully in the edit box</div></td></tr></table><p class="totop"><a href="#summary">back to summary</a></p><h2>TC_01</h2><h3 id="m3">com.newt.selenium.modules.GmailLoginOnetest#DO</h3><table class="result"><tr><th>Messages</th></tr><tr><td><div class="messages">Gmail :: URL launch successfull...<br/>Going to log in into the application<br/>Data  &apos;newtdemo&apos; entered sucessfully in the edit box<br/>Data  &apos;Newtglobal@123&apos; entered sucessfully in the edit box</div></td></tr></table><p class="totop"><a href="#summary">back to summary</a></p><h2>TC_03</h2><h3 id="m4">com.newt.selenium.modules.GmailLoginThreetest#DO</h3><table class="result"><tr><th>Messages</th></tr><tr><td><div class="messages">Gmail :: Url launch failed () :: Exception:org.openqa.selenium.WebDriverException: f.QueryInterface is not a function
Command duration or timeout: 30.08 seconds
Build info: version: &apos;2.49.0&apos;, revision: &apos;365eeb4&apos;, time: &apos;2016-01-13 18:37:00&apos;
System info: host: &apos;Newt-Rnt09&apos;, ip: &apos;192.168.1.43&apos;, os.name: &apos;Windows 7&apos;, os.arch: &apos;amd64&apos;, os.version: &apos;6.1&apos;, java.version: &apos;1.8.0_65&apos;
Driver info: org.openqa.selenium.firefox.FirefoxDriver
Capabilities [{applicationCacheEnabled=true, rotatable=false, handlesAlerts=true, databaseEnabled=true, version=44.0, platform=WINDOWS, nativeEvents=false, acceptSslCerts=true, webStorageEnabled=true, locationContextEnabled=true, browserName=firefox, takesScreenshot=true, javascriptEnabled=true, cssSelectorsEnabled=true}]
Session ID: 122d6dcb-4cbc-4923-b5f3-27bf3355bbf2</div></td></tr><tr><th>Exception</th></tr><tr><td><div class="stacktrace">java.lang.Exception: Error occured while launching the url -   org.openqa.selenium.WebDriverException: f.QueryInterface is not a function
Command duration or timeout: 30.08 seconds
Build info: version: &apos;2.49.0&apos;, revision: &apos;365eeb4&apos;, time: &apos;2016-01-13 18:37:00&apos;
System info: host: &apos;Newt-Rnt09&apos;, ip: &apos;192.168.1.43&apos;, os.name: &apos;Windows 7&apos;, os.arch: &apos;amd64&apos;, os.version: &apos;6.1&apos;, java.version: &apos;1.8.0_65&apos;
Driver info: org.openqa.selenium.firefox.FirefoxDriver
Capabilities [{applicationCacheEnabled=true, rotatable=false, handlesAlerts=true, databaseEnabled=true, version=44.0, platform=WINDOWS, nativeEvents=false, acceptSslCerts=true, webStorageEnabled=true, locationContextEnabled=true, browserName=firefox, takesScreenshot=true, javascriptEnabled=true, cssSelectorsEnabled=true}]
Session ID: 122d6dcb-4cbc-4923-b5f3-27bf3355bbf2
	at com.newt.selenium.utlis.HelperUtility.LaunchUrl(HelperUtility.java:151)
	at com.newt.selenium.modules.GmailLoginThreetest.DO(GmailLoginThreetest.java:65)
	at java.util.concurrent.FutureTask.run(FutureTask.java:266)
	at java.util.concurrent.ThreadPoolExecutor.runWorker(ThreadPoolExecutor.java:1142)
	at java.util.concurrent.ThreadPoolExecutor$Worker.run(ThreadPoolExecutor.java:617)
	at java.lang.Thread.run(Thread.java:745)
... Removed 16 stack frames</div></td></tr></table><p class="totop"><a href="#summary">back to summary</a></p></body></html>