<?xml version="1.0" encoding="UTF-8"?>
<testng-results skipped="0" failed="1" total="5" passed="4">
  <reporter-output>
    <line>
      <![CDATA[Gmail :: URL launch successfull...]]>
    </line>
    <line>
      <![CDATA[Going to log in into the application]]>
    </line>
    <line>
      <![CDATA[Data  'TC_03' entered sucessfully in the edit box]]>
    </line>
    <line>
      <![CDATA[Gmail :: URL launch successfull...]]>
    </line>
    <line>
      <![CDATA[Going to log in into the application]]>
    </line>
    <line>
      <![CDATA[Data  'newtdemo' entered sucessfully in the edit box]]>
    </line>
    <line>
      <![CDATA[Data  'Newtglobal@123' entered sucessfully in the edit box]]>
    </line>
    <line>
      <![CDATA[Error occured while setting data    Newtglobal@123  - org.openqa.selenium.NoSuchElementException: Unable to locate element: {"method":"id","selector":"Passwd"}
Command duration or timeout: 10.06 seconds
For documentation on this error, please visit: http://seleniumhq.org/exceptions/no_such_element.html
Build info: version: '2.49.0', revision: '365eeb4', time: '2016-01-13 18:37:00'
System info: host: 'Newt-Rnt09', ip: '192.168.1.43', os.name: 'Windows 7', os.arch: 'amd64', os.version: '6.1', java.version: '1.8.0_65'
Driver info: org.openqa.selenium.firefox.FirefoxDriver
Capabilities [{applicationCacheEnabled=true, rotatable=false, handlesAlerts=true, databaseEnabled=true, version=44.0, platform=WINDOWS, nativeEvents=false, acceptSslCerts=true, webStorageEnabled=true, locationContextEnabled=true, browserName=firefox, takesScreenshot=true, javascriptEnabled=true, cssSelectorsEnabled=true}]
Session ID: c0232c90-e7fa-4080-82e4-6d416f81a4b4
*** Element info: {Using=id, value=Passwd}]]>
    </line>
    <line>
      <![CDATA[Gmail :: URL launch successfull...]]>
    </line>
    <line>
      <![CDATA[Going to log in into the application]]>
    </line>
    <line>
      <![CDATA[Data  'newtdemo' entered sucessfully in the edit box]]>
    </line>
    <line>
      <![CDATA[Data  'Newtglobal@123' entered sucessfully in the edit box]]>
    </line>
    <line>
      <![CDATA[Gmail :: Url launch failed () :: Exception:org.openqa.selenium.WebDriverException: f.QueryInterface is not a function
Command duration or timeout: 30.08 seconds
Build info: version: '2.49.0', revision: '365eeb4', time: '2016-01-13 18:37:00'
System info: host: 'Newt-Rnt09', ip: '192.168.1.43', os.name: 'Windows 7', os.arch: 'amd64', os.version: '6.1', java.version: '1.8.0_65'
Driver info: org.openqa.selenium.firefox.FirefoxDriver
Capabilities [{applicationCacheEnabled=true, rotatable=false, handlesAlerts=true, databaseEnabled=true, version=44.0, platform=WINDOWS, nativeEvents=false, acceptSslCerts=true, webStorageEnabled=true, locationContextEnabled=true, browserName=firefox, takesScreenshot=true, javascriptEnabled=true, cssSelectorsEnabled=true}]
Session ID: 122d6dcb-4cbc-4923-b5f3-27bf3355bbf2]]>
    </line>
    <line>
      <![CDATA[Gmail :: URL launch successfull...]]>
    </line>
    <line>
      <![CDATA[Going to log in into the application]]>
    </line>
    <line>
      <![CDATA[Data  'newtdemo' entered sucessfully in the edit box]]>
    </line>
    <line>
      <![CDATA[signin_btn - having xpath '//input[@id='signIn']'  click failed  - org.openqa.selenium.ElementNotVisibleException: Element is not currently visible and so may not be interacted with
Command duration or timeout: 10.06 seconds
Build info: version: '2.49.0', revision: '365eeb4', time: '2016-01-13 18:37:00'
System info: host: 'Newt-Rnt09', ip: '192.168.1.43', os.name: 'Windows 7', os.arch: 'amd64', os.version: '6.1', java.version: '1.8.0_65'
Driver info: org.openqa.selenium.firefox.FirefoxDriver
Capabilities [{applicationCacheEnabled=true, rotatable=false, handlesAlerts=true, databaseEnabled=true, version=44.0, platform=WINDOWS, nativeEvents=false, acceptSslCerts=true, webStorageEnabled=true, locationContextEnabled=true, browserName=firefox, takesScreenshot=true, javascriptEnabled=true, cssSelectorsEnabled=true}]
Session ID: c0232c90-e7fa-4080-82e4-6d416f81a4b4]]>
    </line>
    <line>
      <![CDATA[Data  'Newtglobal@123' entered sucessfully in the edit box]]>
    </line>
    <line>
      <![CDATA[Logout Image - having xpath '//span[@class='gb_Za gbii']'  click failed  - org.openqa.selenium.NoSuchElementException: Unable to locate element: {"method":"xpath","selector":"//span[@class='gb_Za gbii']"}
Command duration or timeout: 10.06 seconds
For documentation on this error, please visit: http://seleniumhq.org/exceptions/no_such_element.html
Build info: version: '2.49.0', revision: '365eeb4', time: '2016-01-13 18:37:00'
System info: host: 'Newt-Rnt09', ip: '192.168.1.43', os.name: 'Windows 7', os.arch: 'amd64', os.version: '6.1', java.version: '1.8.0_65'
Driver info: org.openqa.selenium.firefox.FirefoxDriver
Capabilities [{applicationCacheEnabled=true, rotatable=false, handlesAlerts=true, databaseEnabled=true, version=44.0, platform=WINDOWS, nativeEvents=false, acceptSslCerts=true, webStorageEnabled=true, locationContextEnabled=true, browserName=firefox, takesScreenshot=true, javascriptEnabled=true, cssSelectorsEnabled=true}]
Session ID: 26b1f4a6-7a6b-4dc6-820e-2455d225b32e
*** Element info: {Using=xpath, value=//span[@class='gb_Za gbii']}]]>
    </line>
    <line>
      <![CDATA[Sign Out Button - having xpath '//a[text()='Sign out']'  click failed  - org.openqa.selenium.ElementNotVisibleException: Element is not currently visible and so may not be interacted with
Command duration or timeout: 10.06 seconds
Build info: version: '2.49.0', revision: '365eeb4', time: '2016-01-13 18:37:00'
System info: host: 'Newt-Rnt09', ip: '192.168.1.43', os.name: 'Windows 7', os.arch: 'amd64', os.version: '6.1', java.version: '1.8.0_65'
Driver info: org.openqa.selenium.firefox.FirefoxDriver
Capabilities [{applicationCacheEnabled=true, rotatable=false, handlesAlerts=true, databaseEnabled=true, version=44.0, platform=WINDOWS, nativeEvents=false, acceptSslCerts=true, webStorageEnabled=true, locationContextEnabled=true, browserName=firefox, takesScreenshot=true, javascriptEnabled=true, cssSelectorsEnabled=true}]
Session ID: 26b1f4a6-7a6b-4dc6-820e-2455d225b32e]]>
    </line>
    <line>
      <![CDATA[Gmail :: App Logout () ::  Logout Successfull...]]>
    </line>
    <line>
      <![CDATA[Logout Image - having xpath '//span[@class='gb_Za gbii']'  click failed  - org.openqa.selenium.NoSuchElementException: Unable to locate element: {"method":"xpath","selector":"//span[@class='gb_Za gbii']"}
Command duration or timeout: 10.11 seconds
For documentation on this error, please visit: http://seleniumhq.org/exceptions/no_such_element.html
Build info: version: '2.49.0', revision: '365eeb4', time: '2016-01-13 18:37:00'
System info: host: 'Newt-Rnt09', ip: '192.168.1.43', os.name: 'Windows 7', os.arch: 'amd64', os.version: '6.1', java.version: '1.8.0_65'
Driver info: org.openqa.selenium.firefox.FirefoxDriver
Capabilities [{applicationCacheEnabled=true, rotatable=false, handlesAlerts=true, databaseEnabled=true, version=44.0, platform=WINDOWS, nativeEvents=false, acceptSslCerts=true, webStorageEnabled=true, locationContextEnabled=true, browserName=firefox, takesScreenshot=true, javascriptEnabled=true, cssSelectorsEnabled=true}]
Session ID: 5af9dd55-ec8a-439f-8d81-d643549c12ad
*** Element info: {Using=xpath, value=//span[@class='gb_Za gbii']}]]>
    </line>
    <line>
      <![CDATA[Logout Image - having xpath '//span[@class='gb_Za gbii']'  click failed  - org.openqa.selenium.NoSuchElementException: Unable to locate element: {"method":"xpath","selector":"//span[@class='gb_Za gbii']"}
Command duration or timeout: 10.02 seconds
For documentation on this error, please visit: http://seleniumhq.org/exceptions/no_such_element.html
Build info: version: '2.49.0', revision: '365eeb4', time: '2016-01-13 18:37:00'
System info: host: 'Newt-Rnt09', ip: '192.168.1.43', os.name: 'Windows 7', os.arch: 'amd64', os.version: '6.1', java.version: '1.8.0_65'
Driver info: org.openqa.selenium.firefox.FirefoxDriver
Capabilities [{applicationCacheEnabled=true, rotatable=false, handlesAlerts=true, databaseEnabled=true, version=44.0, platform=WINDOWS, nativeEvents=false, acceptSslCerts=true, webStorageEnabled=true, locationContextEnabled=true, browserName=firefox, takesScreenshot=true, javascriptEnabled=true, cssSelectorsEnabled=true}]
Session ID: c0232c90-e7fa-4080-82e4-6d416f81a4b4
*** Element info: {Using=xpath, value=//span[@class='gb_Za gbii']}]]>
    </line>
    <line>
      <![CDATA[Logout Image - having xpath '//span[@class='gb_Za gbii']'  click failed  - org.openqa.selenium.NoSuchElementException: Unable to locate element: {"method":"xpath","selector":"//span[@class='gb_Za gbii']"}
Command duration or timeout: 10.08 seconds
For documentation on this error, please visit: http://seleniumhq.org/exceptions/no_such_element.html
Build info: version: '2.49.0', revision: '365eeb4', time: '2016-01-13 18:37:00'
System info: host: 'Newt-Rnt09', ip: '192.168.1.43', os.name: 'Windows 7', os.arch: 'amd64', os.version: '6.1', java.version: '1.8.0_65'
Driver info: org.openqa.selenium.firefox.FirefoxDriver
Capabilities [{applicationCacheEnabled=true, rotatable=false, handlesAlerts=true, databaseEnabled=true, version=44.0, platform=WINDOWS, nativeEvents=false, acceptSslCerts=true, webStorageEnabled=true, locationContextEnabled=true, browserName=firefox, takesScreenshot=true, javascriptEnabled=true, cssSelectorsEnabled=true}]
Session ID: 4f255342-f602-4e36-aae9-8a9b95db643f
*** Element info: {Using=xpath, value=//span[@class='gb_Za gbii']}]]>
    </line>
    <line>
      <![CDATA[Logout Image - having xpath '//span[@class='gb_Za gbii']'  click failed  - org.openqa.selenium.NoSuchElementException: Unable to locate element: {"method":"xpath","selector":"//span[@class='gb_Za gbii']"}
Command duration or timeout: 30.08 seconds
For documentation on this error, please visit: http://seleniumhq.org/exceptions/no_such_element.html
Build info: version: '2.49.0', revision: '365eeb4', time: '2016-01-13 18:37:00'
System info: host: 'Newt-Rnt09', ip: '192.168.1.43', os.name: 'Windows 7', os.arch: 'amd64', os.version: '6.1', java.version: '1.8.0_65'
Driver info: org.openqa.selenium.firefox.FirefoxDriver
Capabilities [{applicationCacheEnabled=true, rotatable=false, handlesAlerts=true, databaseEnabled=true, version=44.0, platform=WINDOWS, nativeEvents=false, acceptSslCerts=true, webStorageEnabled=true, locationContextEnabled=true, browserName=firefox, takesScreenshot=true, javascriptEnabled=true, cssSelectorsEnabled=true}]
Session ID: 122d6dcb-4cbc-4923-b5f3-27bf3355bbf2
*** Element info: {Using=xpath, value=//span[@class='gb_Za gbii']}]]>
    </line>
    <line>
      <![CDATA[Sign Out Button - having xpath '//a[text()='Sign out']'  click failed  - org.openqa.selenium.NoSuchElementException: Unable to locate element: {"method":"xpath","selector":"//a[text()='Sign out']"}
Command duration or timeout: 10.07 seconds
For documentation on this error, please visit: http://seleniumhq.org/exceptions/no_such_element.html
Build info: version: '2.49.0', revision: '365eeb4', time: '2016-01-13 18:37:00'
System info: host: 'Newt-Rnt09', ip: '192.168.1.43', os.name: 'Windows 7', os.arch: 'amd64', os.version: '6.1', java.version: '1.8.0_65'
Driver info: org.openqa.selenium.firefox.FirefoxDriver
Capabilities [{applicationCacheEnabled=true, rotatable=false, handlesAlerts=true, databaseEnabled=true, version=44.0, platform=WINDOWS, nativeEvents=false, acceptSslCerts=true, webStorageEnabled=true, locationContextEnabled=true, browserName=firefox, takesScreenshot=true, javascriptEnabled=true, cssSelectorsEnabled=true}]
Session ID: c0232c90-e7fa-4080-82e4-6d416f81a4b4
*** Element info: {Using=xpath, value=//a[text()='Sign out']}]]>
    </line>
    <line>
      <![CDATA[Gmail :: App Logout () ::  Logout Successfull...]]>
    </line>
    <line>
      <![CDATA[Sign Out Button - having xpath '//a[text()='Sign out']'  click failed  - org.openqa.selenium.ElementNotVisibleException: Element is not currently visible and so may not be interacted with
Command duration or timeout: 10.03 seconds
Build info: version: '2.49.0', revision: '365eeb4', time: '2016-01-13 18:37:00'
System info: host: 'Newt-Rnt09', ip: '192.168.1.43', os.name: 'Windows 7', os.arch: 'amd64', os.version: '6.1', java.version: '1.8.0_65'
Driver info: org.openqa.selenium.firefox.FirefoxDriver
Capabilities [{applicationCacheEnabled=true, rotatable=false, handlesAlerts=true, databaseEnabled=true, version=44.0, platform=WINDOWS, nativeEvents=false, acceptSslCerts=true, webStorageEnabled=true, locationContextEnabled=true, browserName=firefox, takesScreenshot=true, javascriptEnabled=true, cssSelectorsEnabled=true}]
Session ID: 5af9dd55-ec8a-439f-8d81-d643549c12ad]]>
    </line>
    <line>
      <![CDATA[Gmail :: App Logout () ::  Logout Successfull...]]>
    </line>
    <line>
      <![CDATA[Sign Out Button - having xpath '//a[text()='Sign out']'  click failed  - org.openqa.selenium.ElementNotVisibleException: Element is not currently visible and so may not be interacted with
Command duration or timeout: 10.09 seconds
Build info: version: '2.49.0', revision: '365eeb4', time: '2016-01-13 18:37:00'
System info: host: 'Newt-Rnt09', ip: '192.168.1.43', os.name: 'Windows 7', os.arch: 'amd64', os.version: '6.1', java.version: '1.8.0_65'
Driver info: org.openqa.selenium.firefox.FirefoxDriver
Capabilities [{applicationCacheEnabled=true, rotatable=false, handlesAlerts=true, databaseEnabled=true, version=44.0, platform=WINDOWS, nativeEvents=false, acceptSslCerts=true, webStorageEnabled=true, locationContextEnabled=true, browserName=firefox, takesScreenshot=true, javascriptEnabled=true, cssSelectorsEnabled=true}]
Session ID: 4f255342-f602-4e36-aae9-8a9b95db643f]]>
    </line>
    <line>
      <![CDATA[Gmail :: App Logout () ::  Logout Successfull...]]>
    </line>
    <line>
      <![CDATA[Sign Out Button - having xpath '//a[text()='Sign out']'  click failed  - org.openqa.selenium.NoSuchElementException: Unable to locate element: {"method":"xpath","selector":"//a[text()='Sign out']"}
Command duration or timeout: 30.05 seconds
For documentation on this error, please visit: http://seleniumhq.org/exceptions/no_such_element.html
Build info: version: '2.49.0', revision: '365eeb4', time: '2016-01-13 18:37:00'
System info: host: 'Newt-Rnt09', ip: '192.168.1.43', os.name: 'Windows 7', os.arch: 'amd64', os.version: '6.1', java.version: '1.8.0_65'
Driver info: org.openqa.selenium.firefox.FirefoxDriver
Capabilities [{applicationCacheEnabled=true, rotatable=false, handlesAlerts=true, databaseEnabled=true, version=44.0, platform=WINDOWS, nativeEvents=false, acceptSslCerts=true, webStorageEnabled=true, locationContextEnabled=true, browserName=firefox, takesScreenshot=true, javascriptEnabled=true, cssSelectorsEnabled=true}]
Session ID: 122d6dcb-4cbc-4923-b5f3-27bf3355bbf2
*** Element info: {Using=xpath, value=//a[text()='Sign out']}]]>
    </line>
    <line>
      <![CDATA[Gmail :: App Logout () ::  Logout Successfull...]]>
    </line>
  </reporter-output>
  <suite name="Suite" duration-ms="110003" started-at="2016-03-28T06:04:44Z" finished-at="2016-03-28T06:06:34Z">
    <groups>
    </groups>
    <test name="TC_05" duration-ms="63923" started-at="2016-03-28T06:04:44Z" finished-at="2016-03-28T06:05:48Z">
      <class name="com.newt.selenium.modules.GmailLoginFivetest">
        <test-method status="PASS" signature="beforeMethod()[pri:0, instance:com.newt.selenium.modules.GmailLoginFivetest@589b3632]" name="beforeMethod" is-config="true" duration-ms="20" started-at="2016-03-28T11:34:44Z" finished-at="2016-03-28T11:34:44Z">
          <reporter-output>
          </reporter-output>
        </test-method> <!-- beforeMethod -->
        <test-method status="PASS" signature="DO()[pri:0, instance:com.newt.selenium.modules.GmailLoginFivetest@589b3632]" name="DO" duration-ms="39213" started-at="2016-03-28T11:34:44Z" finished-at="2016-03-28T11:35:23Z">
          <reporter-output>
            <line>
              <![CDATA[Gmail :: URL launch successfull...]]>
            </line>
            <line>
              <![CDATA[Going to log in into the application]]>
            </line>
            <line>
              <![CDATA[Data  'newtdemo' entered sucessfully in the edit box]]>
            </line>
            <line>
              <![CDATA[Data  'Newtglobal@123' entered sucessfully in the edit box]]>
            </line>
          </reporter-output>
        </test-method> <!-- DO -->
        <test-method status="PASS" signature="afterMethod()[pri:0, instance:com.newt.selenium.modules.GmailLoginFivetest@589b3632]" name="afterMethod" is-config="true" duration-ms="24672" started-at="2016-03-28T11:35:23Z" finished-at="2016-03-28T11:35:48Z">
          <reporter-output>
            <line>
              <![CDATA[Logout Image - having xpath '//span[@class='gb_Za gbii']'  click failed  - org.openqa.selenium.NoSuchElementException: Unable to locate element: {"method":"xpath","selector":"//span[@class='gb_Za gbii']"}
Command duration or timeout: 10.06 seconds
For documentation on this error, please visit: http://seleniumhq.org/exceptions/no_such_element.html
Build info: version: '2.49.0', revision: '365eeb4', time: '2016-01-13 18:37:00'
System info: host: 'Newt-Rnt09', ip: '192.168.1.43', os.name: 'Windows 7', os.arch: 'amd64', os.version: '6.1', java.version: '1.8.0_65'
Driver info: org.openqa.selenium.firefox.FirefoxDriver
Capabilities [{applicationCacheEnabled=true, rotatable=false, handlesAlerts=true, databaseEnabled=true, version=44.0, platform=WINDOWS, nativeEvents=false, acceptSslCerts=true, webStorageEnabled=true, locationContextEnabled=true, browserName=firefox, takesScreenshot=true, javascriptEnabled=true, cssSelectorsEnabled=true}]
Session ID: 26b1f4a6-7a6b-4dc6-820e-2455d225b32e
*** Element info: {Using=xpath, value=//span[@class='gb_Za gbii']}]]>
            </line>
            <line>
              <![CDATA[Sign Out Button - having xpath '//a[text()='Sign out']'  click failed  - org.openqa.selenium.ElementNotVisibleException: Element is not currently visible and so may not be interacted with
Command duration or timeout: 10.06 seconds
Build info: version: '2.49.0', revision: '365eeb4', time: '2016-01-13 18:37:00'
System info: host: 'Newt-Rnt09', ip: '192.168.1.43', os.name: 'Windows 7', os.arch: 'amd64', os.version: '6.1', java.version: '1.8.0_65'
Driver info: org.openqa.selenium.firefox.FirefoxDriver
Capabilities [{applicationCacheEnabled=true, rotatable=false, handlesAlerts=true, databaseEnabled=true, version=44.0, platform=WINDOWS, nativeEvents=false, acceptSslCerts=true, webStorageEnabled=true, locationContextEnabled=true, browserName=firefox, takesScreenshot=true, javascriptEnabled=true, cssSelectorsEnabled=true}]
Session ID: 26b1f4a6-7a6b-4dc6-820e-2455d225b32e]]>
            </line>
            <line>
              <![CDATA[Gmail :: App Logout () ::  Logout Successfull...]]>
            </line>
          </reporter-output>
        </test-method> <!-- afterMethod -->
      </class> <!-- com.newt.selenium.modules.GmailLoginFivetest -->
    </test> <!-- TC_05 -->
    <test name="TC_04" duration-ms="77055" started-at="2016-03-28T06:04:44Z" finished-at="2016-03-28T06:06:01Z">
      <class name="com.newt.selenium.modules.GmailLoginFourtest">
        <test-method status="PASS" signature="beforeMethod()[pri:0, instance:com.newt.selenium.modules.GmailLoginFourtest@52aa2946]" name="beforeMethod" is-config="true" duration-ms="38" started-at="2016-03-28T11:34:44Z" finished-at="2016-03-28T11:34:44Z">
          <reporter-output>
          </reporter-output>
        </test-method> <!-- beforeMethod -->
        <test-method status="PASS" signature="DO()[pri:0, instance:com.newt.selenium.modules.GmailLoginFourtest@52aa2946]" name="DO" duration-ms="53295" started-at="2016-03-28T11:34:44Z" finished-at="2016-03-28T11:35:37Z">
          <reporter-output>
            <line>
              <![CDATA[Gmail :: URL launch successfull...]]>
            </line>
            <line>
              <![CDATA[Going to log in into the application]]>
            </line>
            <line>
              <![CDATA[Data  'TC_03' entered sucessfully in the edit box]]>
            </line>
            <line>
              <![CDATA[Error occured while setting data    Newtglobal@123  - org.openqa.selenium.NoSuchElementException: Unable to locate element: {"method":"id","selector":"Passwd"}
Command duration or timeout: 10.06 seconds
For documentation on this error, please visit: http://seleniumhq.org/exceptions/no_such_element.html
Build info: version: '2.49.0', revision: '365eeb4', time: '2016-01-13 18:37:00'
System info: host: 'Newt-Rnt09', ip: '192.168.1.43', os.name: 'Windows 7', os.arch: 'amd64', os.version: '6.1', java.version: '1.8.0_65'
Driver info: org.openqa.selenium.firefox.FirefoxDriver
Capabilities [{applicationCacheEnabled=true, rotatable=false, handlesAlerts=true, databaseEnabled=true, version=44.0, platform=WINDOWS, nativeEvents=false, acceptSslCerts=true, webStorageEnabled=true, locationContextEnabled=true, browserName=firefox, takesScreenshot=true, javascriptEnabled=true, cssSelectorsEnabled=true}]
Session ID: c0232c90-e7fa-4080-82e4-6d416f81a4b4
*** Element info: {Using=id, value=Passwd}]]>
            </line>
            <line>
              <![CDATA[signin_btn - having xpath '//input[@id='signIn']'  click failed  - org.openqa.selenium.ElementNotVisibleException: Element is not currently visible and so may not be interacted with
Command duration or timeout: 10.06 seconds
Build info: version: '2.49.0', revision: '365eeb4', time: '2016-01-13 18:37:00'
System info: host: 'Newt-Rnt09', ip: '192.168.1.43', os.name: 'Windows 7', os.arch: 'amd64', os.version: '6.1', java.version: '1.8.0_65'
Driver info: org.openqa.selenium.firefox.FirefoxDriver
Capabilities [{applicationCacheEnabled=true, rotatable=false, handlesAlerts=true, databaseEnabled=true, version=44.0, platform=WINDOWS, nativeEvents=false, acceptSslCerts=true, webStorageEnabled=true, locationContextEnabled=true, browserName=firefox, takesScreenshot=true, javascriptEnabled=true, cssSelectorsEnabled=true}]
Session ID: c0232c90-e7fa-4080-82e4-6d416f81a4b4]]>
            </line>
          </reporter-output>
        </test-method> <!-- DO -->
        <test-method status="PASS" signature="afterMethod()[pri:0, instance:com.newt.selenium.modules.GmailLoginFourtest@52aa2946]" name="afterMethod" is-config="true" duration-ms="23701" started-at="2016-03-28T11:35:37Z" finished-at="2016-03-28T11:36:01Z">
          <reporter-output>
            <line>
              <![CDATA[Logout Image - having xpath '//span[@class='gb_Za gbii']'  click failed  - org.openqa.selenium.NoSuchElementException: Unable to locate element: {"method":"xpath","selector":"//span[@class='gb_Za gbii']"}
Command duration or timeout: 10.02 seconds
For documentation on this error, please visit: http://seleniumhq.org/exceptions/no_such_element.html
Build info: version: '2.49.0', revision: '365eeb4', time: '2016-01-13 18:37:00'
System info: host: 'Newt-Rnt09', ip: '192.168.1.43', os.name: 'Windows 7', os.arch: 'amd64', os.version: '6.1', java.version: '1.8.0_65'
Driver info: org.openqa.selenium.firefox.FirefoxDriver
Capabilities [{applicationCacheEnabled=true, rotatable=false, handlesAlerts=true, databaseEnabled=true, version=44.0, platform=WINDOWS, nativeEvents=false, acceptSslCerts=true, webStorageEnabled=true, locationContextEnabled=true, browserName=firefox, takesScreenshot=true, javascriptEnabled=true, cssSelectorsEnabled=true}]
Session ID: c0232c90-e7fa-4080-82e4-6d416f81a4b4
*** Element info: {Using=xpath, value=//span[@class='gb_Za gbii']}]]>
            </line>
            <line>
              <![CDATA[Sign Out Button - having xpath '//a[text()='Sign out']'  click failed  - org.openqa.selenium.NoSuchElementException: Unable to locate element: {"method":"xpath","selector":"//a[text()='Sign out']"}
Command duration or timeout: 10.07 seconds
For documentation on this error, please visit: http://seleniumhq.org/exceptions/no_such_element.html
Build info: version: '2.49.0', revision: '365eeb4', time: '2016-01-13 18:37:00'
System info: host: 'Newt-Rnt09', ip: '192.168.1.43', os.name: 'Windows 7', os.arch: 'amd64', os.version: '6.1', java.version: '1.8.0_65'
Driver info: org.openqa.selenium.firefox.FirefoxDriver
Capabilities [{applicationCacheEnabled=true, rotatable=false, handlesAlerts=true, databaseEnabled=true, version=44.0, platform=WINDOWS, nativeEvents=false, acceptSslCerts=true, webStorageEnabled=true, locationContextEnabled=true, browserName=firefox, takesScreenshot=true, javascriptEnabled=true, cssSelectorsEnabled=true}]
Session ID: c0232c90-e7fa-4080-82e4-6d416f81a4b4
*** Element info: {Using=xpath, value=//a[text()='Sign out']}]]>
            </line>
            <line>
              <![CDATA[Gmail :: App Logout () ::  Logout Successfull...]]>
            </line>
          </reporter-output>
        </test-method> <!-- afterMethod -->
      </class> <!-- com.newt.selenium.modules.GmailLoginFourtest -->
    </test> <!-- TC_04 -->
    <test name="TC_02" duration-ms="77474" started-at="2016-03-28T06:04:44Z" finished-at="2016-03-28T06:06:01Z">
      <class name="com.newt.selenium.modules.GmailLoginTwotest">
        <test-method status="PASS" signature="beforeMethod()[pri:0, instance:com.newt.selenium.modules.GmailLoginTwotest@6328d34a]" name="beforeMethod" is-config="true" duration-ms="18" started-at="2016-03-28T11:34:44Z" finished-at="2016-03-28T11:34:44Z">
          <reporter-output>
          </reporter-output>
        </test-method> <!-- beforeMethod -->
        <test-method status="PASS" signature="DO()[pri:0, instance:com.newt.selenium.modules.GmailLoginTwotest@6328d34a]" name="DO" duration-ms="53067" started-at="2016-03-28T11:34:44Z" finished-at="2016-03-28T11:35:37Z">
          <reporter-output>
            <line>
              <![CDATA[Gmail :: URL launch successfull...]]>
            </line>
            <line>
              <![CDATA[Going to log in into the application]]>
            </line>
            <line>
              <![CDATA[Data  'newtdemo' entered sucessfully in the edit box]]>
            </line>
            <line>
              <![CDATA[Data  'Newtglobal@123' entered sucessfully in the edit box]]>
            </line>
          </reporter-output>
        </test-method> <!-- DO -->
        <test-method status="PASS" signature="afterMethod()[pri:0, instance:com.newt.selenium.modules.GmailLoginTwotest@6328d34a]" name="afterMethod" is-config="true" duration-ms="24367" started-at="2016-03-28T11:35:37Z" finished-at="2016-03-28T11:36:01Z">
          <reporter-output>
            <line>
              <![CDATA[Logout Image - having xpath '//span[@class='gb_Za gbii']'  click failed  - org.openqa.selenium.NoSuchElementException: Unable to locate element: {"method":"xpath","selector":"//span[@class='gb_Za gbii']"}
Command duration or timeout: 10.11 seconds
For documentation on this error, please visit: http://seleniumhq.org/exceptions/no_such_element.html
Build info: version: '2.49.0', revision: '365eeb4', time: '2016-01-13 18:37:00'
System info: host: 'Newt-Rnt09', ip: '192.168.1.43', os.name: 'Windows 7', os.arch: 'amd64', os.version: '6.1', java.version: '1.8.0_65'
Driver info: org.openqa.selenium.firefox.FirefoxDriver
Capabilities [{applicationCacheEnabled=true, rotatable=false, handlesAlerts=true, databaseEnabled=true, version=44.0, platform=WINDOWS, nativeEvents=false, acceptSslCerts=true, webStorageEnabled=true, locationContextEnabled=true, browserName=firefox, takesScreenshot=true, javascriptEnabled=true, cssSelectorsEnabled=true}]
Session ID: 5af9dd55-ec8a-439f-8d81-d643549c12ad
*** Element info: {Using=xpath, value=//span[@class='gb_Za gbii']}]]>
            </line>
            <line>
              <![CDATA[Sign Out Button - having xpath '//a[text()='Sign out']'  click failed  - org.openqa.selenium.ElementNotVisibleException: Element is not currently visible and so may not be interacted with
Command duration or timeout: 10.03 seconds
Build info: version: '2.49.0', revision: '365eeb4', time: '2016-01-13 18:37:00'
System info: host: 'Newt-Rnt09', ip: '192.168.1.43', os.name: 'Windows 7', os.arch: 'amd64', os.version: '6.1', java.version: '1.8.0_65'
Driver info: org.openqa.selenium.firefox.FirefoxDriver
Capabilities [{applicationCacheEnabled=true, rotatable=false, handlesAlerts=true, databaseEnabled=true, version=44.0, platform=WINDOWS, nativeEvents=false, acceptSslCerts=true, webStorageEnabled=true, locationContextEnabled=true, browserName=firefox, takesScreenshot=true, javascriptEnabled=true, cssSelectorsEnabled=true}]
Session ID: 5af9dd55-ec8a-439f-8d81-d643549c12ad]]>
            </line>
            <line>
              <![CDATA[Gmail :: App Logout () ::  Logout Successfull...]]>
            </line>
          </reporter-output>
        </test-method> <!-- afterMethod -->
      </class> <!-- com.newt.selenium.modules.GmailLoginTwotest -->
    </test> <!-- TC_02 -->
    <test name="TC_01" duration-ms="81514" started-at="2016-03-28T06:04:44Z" finished-at="2016-03-28T06:06:05Z">
      <class name="com.newt.selenium.modules.GmailLoginOnetest">
        <test-method status="PASS" signature="beforeMethod()[pri:0, instance:com.newt.selenium.modules.GmailLoginOnetest@1b68b9a4]" name="beforeMethod" is-config="true" duration-ms="28" started-at="2016-03-28T11:34:44Z" finished-at="2016-03-28T11:34:44Z">
          <reporter-output>
          </reporter-output>
        </test-method> <!-- beforeMethod -->
        <test-method status="PASS" signature="DO()[pri:0, instance:com.newt.selenium.modules.GmailLoginOnetest@1b68b9a4]" name="DO" duration-ms="57333" started-at="2016-03-28T11:34:44Z" finished-at="2016-03-28T11:35:41Z">
          <reporter-output>
            <line>
              <![CDATA[Gmail :: URL launch successfull...]]>
            </line>
            <line>
              <![CDATA[Going to log in into the application]]>
            </line>
            <line>
              <![CDATA[Data  'newtdemo' entered sucessfully in the edit box]]>
            </line>
            <line>
              <![CDATA[Data  'Newtglobal@123' entered sucessfully in the edit box]]>
            </line>
          </reporter-output>
        </test-method> <!-- DO -->
        <test-method status="PASS" signature="afterMethod()[pri:0, instance:com.newt.selenium.modules.GmailLoginOnetest@1b68b9a4]" name="afterMethod" is-config="true" duration-ms="24133" started-at="2016-03-28T11:35:41Z" finished-at="2016-03-28T11:36:05Z">
          <reporter-output>
            <line>
              <![CDATA[Logout Image - having xpath '//span[@class='gb_Za gbii']'  click failed  - org.openqa.selenium.NoSuchElementException: Unable to locate element: {"method":"xpath","selector":"//span[@class='gb_Za gbii']"}
Command duration or timeout: 10.08 seconds
For documentation on this error, please visit: http://seleniumhq.org/exceptions/no_such_element.html
Build info: version: '2.49.0', revision: '365eeb4', time: '2016-01-13 18:37:00'
System info: host: 'Newt-Rnt09', ip: '192.168.1.43', os.name: 'Windows 7', os.arch: 'amd64', os.version: '6.1', java.version: '1.8.0_65'
Driver info: org.openqa.selenium.firefox.FirefoxDriver
Capabilities [{applicationCacheEnabled=true, rotatable=false, handlesAlerts=true, databaseEnabled=true, version=44.0, platform=WINDOWS, nativeEvents=false, acceptSslCerts=true, webStorageEnabled=true, locationContextEnabled=true, browserName=firefox, takesScreenshot=true, javascriptEnabled=true, cssSelectorsEnabled=true}]
Session ID: 4f255342-f602-4e36-aae9-8a9b95db643f
*** Element info: {Using=xpath, value=//span[@class='gb_Za gbii']}]]>
            </line>
            <line>
              <![CDATA[Sign Out Button - having xpath '//a[text()='Sign out']'  click failed  - org.openqa.selenium.ElementNotVisibleException: Element is not currently visible and so may not be interacted with
Command duration or timeout: 10.09 seconds
Build info: version: '2.49.0', revision: '365eeb4', time: '2016-01-13 18:37:00'
System info: host: 'Newt-Rnt09', ip: '192.168.1.43', os.name: 'Windows 7', os.arch: 'amd64', os.version: '6.1', java.version: '1.8.0_65'
Driver info: org.openqa.selenium.firefox.FirefoxDriver
Capabilities [{applicationCacheEnabled=true, rotatable=false, handlesAlerts=true, databaseEnabled=true, version=44.0, platform=WINDOWS, nativeEvents=false, acceptSslCerts=true, webStorageEnabled=true, locationContextEnabled=true, browserName=firefox, takesScreenshot=true, javascriptEnabled=true, cssSelectorsEnabled=true}]
Session ID: 4f255342-f602-4e36-aae9-8a9b95db643f]]>
            </line>
            <line>
              <![CDATA[Gmail :: App Logout () ::  Logout Successfull...]]>
            </line>
          </reporter-output>
        </test-method> <!-- afterMethod -->
      </class> <!-- com.newt.selenium.modules.GmailLoginOnetest -->
    </test> <!-- TC_01 -->
    <test name="TC_03" duration-ms="110003" started-at="2016-03-28T06:04:44Z" finished-at="2016-03-28T06:06:34Z">
      <class name="com.newt.selenium.modules.GmailLoginThreetest">
        <test-method status="PASS" signature="beforeMethod()[pri:0, instance:com.newt.selenium.modules.GmailLoginThreetest@667a738]" name="beforeMethod" is-config="true" duration-ms="45" started-at="2016-03-28T11:34:44Z" finished-at="2016-03-28T11:34:44Z">
          <reporter-output>
          </reporter-output>
        </test-method> <!-- beforeMethod -->
        <test-method status="FAIL" signature="DO()[pri:0, instance:com.newt.selenium.modules.GmailLoginThreetest@667a738]" name="DO" duration-ms="45169" started-at="2016-03-28T11:34:44Z" finished-at="2016-03-28T11:35:29Z">
          <exception class="java.lang.Exception">
            <message>
              <![CDATA[Error occured while launching the url -   org.openqa.selenium.WebDriverException: f.QueryInterface is not a function
Command duration or timeout: 30.08 seconds
Build info: version: '2.49.0', revision: '365eeb4', time: '2016-01-13 18:37:00'
System info: host: 'Newt-Rnt09', ip: '192.168.1.43', os.name: 'Windows 7', os.arch: 'amd64', os.version: '6.1', java.version: '1.8.0_65'
Driver info: org.openqa.selenium.firefox.FirefoxDriver
Capabilities [{applicationCacheEnabled=true, rotatable=false, handlesAlerts=true, databaseEnabled=true, version=44.0, platform=WINDOWS, nativeEvents=false, acceptSslCerts=true, webStorageEnabled=true, locationContextEnabled=true, browserName=firefox, takesScreenshot=true, javascriptEnabled=true, cssSelectorsEnabled=true}]
Session ID: 122d6dcb-4cbc-4923-b5f3-27bf3355bbf2]]>
            </message>
            <full-stacktrace>
              <![CDATA[java.lang.Exception: Error occured while launching the url -   org.openqa.selenium.WebDriverException: f.QueryInterface is not a function
Command duration or timeout: 30.08 seconds
Build info: version: '2.49.0', revision: '365eeb4', time: '2016-01-13 18:37:00'
System info: host: 'Newt-Rnt09', ip: '192.168.1.43', os.name: 'Windows 7', os.arch: 'amd64', os.version: '6.1', java.version: '1.8.0_65'
Driver info: org.openqa.selenium.firefox.FirefoxDriver
Capabilities [{applicationCacheEnabled=true, rotatable=false, handlesAlerts=true, databaseEnabled=true, version=44.0, platform=WINDOWS, nativeEvents=false, acceptSslCerts=true, webStorageEnabled=true, locationContextEnabled=true, browserName=firefox, takesScreenshot=true, javascriptEnabled=true, cssSelectorsEnabled=true}]
Session ID: 122d6dcb-4cbc-4923-b5f3-27bf3355bbf2
	at com.newt.selenium.utlis.HelperUtility.LaunchUrl(HelperUtility.java:151)
	at com.newt.selenium.modules.GmailLoginThreetest.DO(GmailLoginThreetest.java:65)
	at sun.reflect.NativeMethodAccessorImpl.invoke0(Native Method)
	at sun.reflect.NativeMethodAccessorImpl.invoke(NativeMethodAccessorImpl.java:62)
	at sun.reflect.DelegatingMethodAccessorImpl.invoke(DelegatingMethodAccessorImpl.java:43)
	at java.lang.reflect.Method.invoke(Method.java:497)
	at org.testng.internal.MethodInvocationHelper.invokeMethod(MethodInvocationHelper.java:85)
	at org.testng.internal.Invoker.invokeMethod(Invoker.java:639)
	at org.testng.internal.Invoker.invokeTestMethod(Invoker.java:816)
	at org.testng.internal.Invoker.invokeTestMethods(Invoker.java:1124)
	at org.testng.internal.TestMethodWorker.invokeTestMethods(TestMethodWorker.java:125)
	at org.testng.internal.TestMethodWorker.run(TestMethodWorker.java:108)
	at org.testng.TestRunner.privateRun(TestRunner.java:774)
	at org.testng.TestRunner.run(TestRunner.java:624)
	at org.testng.SuiteRunner.runTest(SuiteRunner.java:359)
	at org.testng.SuiteRunner.access$000(SuiteRunner.java:39)
	at org.testng.SuiteRunner$SuiteWorker.run(SuiteRunner.java:393)
	at org.testng.internal.thread.ThreadUtil$2.call(ThreadUtil.java:64)
	at java.util.concurrent.FutureTask.run(FutureTask.java:266)
	at java.util.concurrent.ThreadPoolExecutor.runWorker(ThreadPoolExecutor.java:1142)
	at java.util.concurrent.ThreadPoolExecutor$Worker.run(ThreadPoolExecutor.java:617)
	at java.lang.Thread.run(Thread.java:745)
]]>
            </full-stacktrace>
          </exception> <!-- java.lang.Exception -->
          <reporter-output>
            <line>
              <![CDATA[Gmail :: Url launch failed () :: Exception:org.openqa.selenium.WebDriverException: f.QueryInterface is not a function
Command duration or timeout: 30.08 seconds
Build info: version: '2.49.0', revision: '365eeb4', time: '2016-01-13 18:37:00'
System info: host: 'Newt-Rnt09', ip: '192.168.1.43', os.name: 'Windows 7', os.arch: 'amd64', os.version: '6.1', java.version: '1.8.0_65'
Driver info: org.openqa.selenium.firefox.FirefoxDriver
Capabilities [{applicationCacheEnabled=true, rotatable=false, handlesAlerts=true, databaseEnabled=true, version=44.0, platform=WINDOWS, nativeEvents=false, acceptSslCerts=true, webStorageEnabled=true, locationContextEnabled=true, browserName=firefox, takesScreenshot=true, javascriptEnabled=true, cssSelectorsEnabled=true}]
Session ID: 122d6dcb-4cbc-4923-b5f3-27bf3355bbf2]]>
            </line>
          </reporter-output>
        </test-method> <!-- DO -->
        <test-method status="PASS" signature="afterMethod()[pri:0, instance:com.newt.selenium.modules.GmailLoginThreetest@667a738]" name="afterMethod" is-config="true" duration-ms="64768" started-at="2016-03-28T11:35:29Z" finished-at="2016-03-28T11:36:34Z">
          <reporter-output>
            <line>
              <![CDATA[Logout Image - having xpath '//span[@class='gb_Za gbii']'  click failed  - org.openqa.selenium.NoSuchElementException: Unable to locate element: {"method":"xpath","selector":"//span[@class='gb_Za gbii']"}
Command duration or timeout: 30.08 seconds
For documentation on this error, please visit: http://seleniumhq.org/exceptions/no_such_element.html
Build info: version: '2.49.0', revision: '365eeb4', time: '2016-01-13 18:37:00'
System info: host: 'Newt-Rnt09', ip: '192.168.1.43', os.name: 'Windows 7', os.arch: 'amd64', os.version: '6.1', java.version: '1.8.0_65'
Driver info: org.openqa.selenium.firefox.FirefoxDriver
Capabilities [{applicationCacheEnabled=true, rotatable=false, handlesAlerts=true, databaseEnabled=true, version=44.0, platform=WINDOWS, nativeEvents=false, acceptSslCerts=true, webStorageEnabled=true, locationContextEnabled=true, browserName=firefox, takesScreenshot=true, javascriptEnabled=true, cssSelectorsEnabled=true}]
Session ID: 122d6dcb-4cbc-4923-b5f3-27bf3355bbf2
*** Element info: {Using=xpath, value=//span[@class='gb_Za gbii']}]]>
            </line>
            <line>
              <![CDATA[Sign Out Button - having xpath '//a[text()='Sign out']'  click failed  - org.openqa.selenium.NoSuchElementException: Unable to locate element: {"method":"xpath","selector":"//a[text()='Sign out']"}
Command duration or timeout: 30.05 seconds
For documentation on this error, please visit: http://seleniumhq.org/exceptions/no_such_element.html
Build info: version: '2.49.0', revision: '365eeb4', time: '2016-01-13 18:37:00'
System info: host: 'Newt-Rnt09', ip: '192.168.1.43', os.name: 'Windows 7', os.arch: 'amd64', os.version: '6.1', java.version: '1.8.0_65'
Driver info: org.openqa.selenium.firefox.FirefoxDriver
Capabilities [{applicationCacheEnabled=true, rotatable=false, handlesAlerts=true, databaseEnabled=true, version=44.0, platform=WINDOWS, nativeEvents=false, acceptSslCerts=true, webStorageEnabled=true, locationContextEnabled=true, browserName=firefox, takesScreenshot=true, javascriptEnabled=true, cssSelectorsEnabled=true}]
Session ID: 122d6dcb-4cbc-4923-b5f3-27bf3355bbf2
*** Element info: {Using=xpath, value=//a[text()='Sign out']}]]>
            </line>
            <line>
              <![CDATA[Gmail :: App Logout () ::  Logout Successfull...]]>
            </line>
          </reporter-output>
        </test-method> <!-- afterMethod -->
      </class> <!-- com.newt.selenium.modules.GmailLoginThreetest -->
    </test> <!-- TC_03 -->
  </suite> <!-- Suite -->
</testng-results>
